<?xml version="1.0" encoding="UTF-8"?>
<testng-results ignored="0" total="4" passed="3" failed="1" skipped="0">
  <reporter-output>
    <line>
      <![CDATA[<a href='C:\Users\goura\git\repository\AppiumFramework\Screenshots\ANDROID_Pixel6Appium\2023-07-19-11-27-15\ECommerceValidationExcell\FillForm.png'> <img src='C:\Users\goura\git\repository\AppiumFramework\Screenshots\ANDROID_Pixel6Appium\2023-07-19-11-27-15\ECommerceValidationExcell\FillForm.png' height='400' width='400'/> </a>]]>
    </line>
  </reporter-output>
  <suite started-at="2023-07-19T11:26:20 EDT" name="Default suite" finished-at="2023-07-19T11:27:31 EDT" duration-ms="70594">
    <groups>
    </groups>
    <test started-at="2023-07-19T11:26:20 EDT" name="Default test" finished-at="2023-07-19T11:27:31 EDT" duration-ms="70594">
      <class name="com.das.validation.ECommerceValidationExcell">
        <test-method is-config="true" signature="startAndroidDevices()[pri:0, instance:com.das.validation.ECommerceValidationExcell@24569dba]" started-at="2023-07-19T11:26:20 EDT" name="startAndroidDevices" finished-at="2023-07-19T11:26:20 EDT" duration-ms="99" status="PASS">
          <reporter-output>
          </reporter-output>
        </test-method> <!-- startAndroidDevices -->
        <test-method is-config="true" signature="startServer()[pri:0, instance:com.das.validation.ECommerceValidationExcell@24569dba]" started-at="2023-07-19T11:26:20 EDT" name="startServer" finished-at="2023-07-19T11:26:31 EDT" duration-ms="10679" status="PASS">
          <reporter-output>
          </reporter-output>
        </test-method> <!-- startServer -->
        <test-method is-config="true" signature="startDriver(org.testng.ITestContext)[pri:0, instance:com.das.validation.ECommerceValidationExcell@24569dba]" started-at="2023-07-19T11:26:32 EDT" name="startDriver" finished-at="2023-07-19T11:26:45 EDT" duration-ms="13266" status="PASS">
          <params>
            <param index="0">
              <value>
                <![CDATA[org.testng.TestRunner@610db97e]]>
              </value>
            </param>
          </params>
          <reporter-output>
          </reporter-output>
        </test-method> <!-- startDriver -->
        <test-method is-config="true" signature="startDriver(org.testng.ITestContext)[pri:0, instance:com.das.validation.ECommerceValidationExcell@24569dba]" started-at="2023-07-19T11:26:32 EDT" name="startDriver" finished-at="2023-07-19T11:27:15 EDT" duration-ms="43083" status="PASS">
          <params>
            <param index="0">
              <value>
                <![CDATA[org.testng.TestRunner@610db97e]]>
              </value>
            </param>
          </params>
          <reporter-output>
          </reporter-output>
        </test-method> <!-- startDriver -->
        <test-method is-config="true" signature="startDriver(org.testng.ITestContext)[pri:0, instance:com.das.validation.ECommerceValidationExcell@24569dba]" started-at="2023-07-19T11:26:32 EDT" name="startDriver" finished-at="2023-07-19T11:27:09 EDT" duration-ms="37193" status="PASS">
          <params>
            <param index="0">
              <value>
                <![CDATA[org.testng.TestRunner@610db97e]]>
              </value>
            </param>
          </params>
          <reporter-output>
          </reporter-output>
        </test-method> <!-- startDriver -->
        <test-method is-config="true" signature="startDriver(org.testng.ITestContext)[pri:0, instance:com.das.validation.ECommerceValidationExcell@24569dba]" started-at="2023-07-19T11:26:32 EDT" name="startDriver" finished-at="2023-07-19T11:26:42 EDT" duration-ms="10437" status="PASS">
          <params>
            <param index="0">
              <value>
                <![CDATA[org.testng.TestRunner@610db97e]]>
              </value>
            </param>
          </params>
          <reporter-output>
          </reporter-output>
        </test-method> <!-- startDriver -->
        <test-method signature="FillForm(com.das.pojo.CustomerInfo,com.das.pojo.CustomerInfo)[pri:0, instance:com.das.validation.ECommerceValidationExcell@24569dba]" started-at="2023-07-19T11:26:42 EDT" name="FillForm" data-provider="getData" finished-at="2023-07-19T11:27:01 EDT" duration-ms="18143" status="PASS">
          <params>
            <param index="0">
              <value>
                <![CDATA[com.das.pojo.CustomerInfo@681947d6]]>
              </value>
            </param>
            <param index="1">
              <value>
                <![CDATA[com.das.pojo.CustomerInfo@37edae58]]>
              </value>
            </param>
          </params>
          <reporter-output>
          </reporter-output>
        </test-method> <!-- FillForm -->
        <test-method signature="FillForm(com.das.pojo.CustomerInfo,com.das.pojo.CustomerInfo)[pri:0, instance:com.das.validation.ECommerceValidationExcell@24569dba]" started-at="2023-07-19T11:26:45 EDT" name="FillForm" data-provider="getData" finished-at="2023-07-19T11:27:07 EDT" duration-ms="22099" status="PASS">
          <params>
            <param index="0">
              <value>
                <![CDATA[com.das.pojo.CustomerInfo@16b12bb4]]>
              </value>
            </param>
            <param index="1">
              <value>
                <![CDATA[com.das.pojo.CustomerInfo@57548a74]]>
              </value>
            </param>
          </params>
          <reporter-output>
          </reporter-output>
        </test-method> <!-- FillForm -->
        <test-method is-config="true" signature="tearDownDriver()[pri:0, instance:com.das.validation.ECommerceValidationExcell@24569dba]" started-at="2023-07-19T11:27:01 EDT" name="tearDownDriver" finished-at="2023-07-19T11:27:01 EDT" duration-ms="744" status="PASS">
          <reporter-output>
          </reporter-output>
        </test-method> <!-- tearDownDriver -->
        <test-method is-config="true" signature="tearDownDriver()[pri:0, instance:com.das.validation.ECommerceValidationExcell@24569dba]" started-at="2023-07-19T11:27:07 EDT" name="tearDownDriver" finished-at="2023-07-19T11:27:08 EDT" duration-ms="622" status="PASS">
          <reporter-output>
          </reporter-output>
        </test-method> <!-- tearDownDriver -->
        <test-method signature="FillForm(com.das.pojo.CustomerInfo,com.das.pojo.CustomerInfo)[pri:0, instance:com.das.validation.ECommerceValidationExcell@24569dba]" started-at="2023-07-19T11:27:09 EDT" name="FillForm" data-provider="getData" finished-at="2023-07-19T11:27:30 EDT" duration-ms="21209" status="PASS">
          <params>
            <param index="0">
              <value>
                <![CDATA[com.das.pojo.CustomerInfo@7955c943]]>
              </value>
            </param>
            <param index="1">
              <value>
                <![CDATA[com.das.pojo.CustomerInfo@2d0e14a]]>
              </value>
            </param>
          </params>
          <reporter-output>
          </reporter-output>
        </test-method> <!-- FillForm -->
        <test-method signature="FillForm(com.das.pojo.CustomerInfo,com.das.pojo.CustomerInfo)[pri:0, instance:com.das.validation.ECommerceValidationExcell@24569dba]" started-at="2023-07-19T11:27:15 EDT" name="FillForm" data-provider="getData" finished-at="2023-07-19T11:27:15 EDT" duration-ms="3" status="FAIL">
          <params>
            <param index="0">
              <value>
                <![CDATA[com.das.pojo.CustomerInfo@ecdf789]]>
              </value>
            </param>
            <param index="1">
              <value>
                <![CDATA[com.das.pojo.CustomerInfo@61229e53]]>
              </value>
            </param>
          </params>
          <exception class="java.lang.AssertionError">
            <message>
              <![CDATA[expected [true] but found [false]]]>
            </message>
            <full-stacktrace>
              <![CDATA[java.lang.AssertionError: expected [true] but found [false]
at org.testng.Assert.fail(Assert.java:99)
at org.testng.Assert.failNotEquals(Assert.java:1037)
at org.testng.Assert.assertTrue(Assert.java:45)
at org.testng.Assert.assertTrue(Assert.java:55)
at com.das.validation.ECommerceValidationExcell.FillForm(ECommerceValidationExcell.java:19)
at java.base/jdk.internal.reflect.NativeMethodAccessorImpl.invoke0(Native Method)
at java.base/jdk.internal.reflect.NativeMethodAccessorImpl.invoke(NativeMethodAccessorImpl.java:62)
at java.base/jdk.internal.reflect.DelegatingMethodAccessorImpl.invoke(DelegatingMethodAccessorImpl.java:43)
at java.base/java.lang.reflect.Method.invoke(Method.java:566)
at org.testng.internal.MethodInvocationHelper.invokeMethod(MethodInvocationHelper.java:133)
at org.testng.internal.TestInvoker.invokeMethod(TestInvoker.java:598)
at org.testng.internal.TestInvoker.invokeTestMethod(TestInvoker.java:173)
at org.testng.internal.TestMethodWithDataProviderMethodWorker.call(TestMethodWithDataProviderMethodWorker.java:77)
at org.testng.internal.TestMethodWithDataProviderMethodWorker.call(TestMethodWithDataProviderMethodWorker.java:15)
at java.base/java.util.concurrent.FutureTask.run(FutureTask.java:264)
at java.base/java.util.concurrent.Executors$RunnableAdapter.call(Executors.java:515)
at java.base/java.util.concurrent.FutureTask.run(FutureTask.java:264)
at java.base/java.util.concurrent.ThreadPoolExecutor.runWorker(ThreadPoolExecutor.java:1128)
at java.base/java.util.concurrent.ThreadPoolExecutor$Worker.run(ThreadPoolExecutor.java:628)
at java.base/java.lang.Thread.run(Thread.java:834)
]]>
            </full-stacktrace>
          </exception> <!-- java.lang.AssertionError -->
          <reporter-output>
            <line>
              <![CDATA[<a href='C:\Users\goura\git\repository\AppiumFramework\Screenshots\ANDROID_Pixel6Appium\2023-07-19-11-27-15\ECommerceValidationExcell\FillForm.png'> <img src='C:\Users\goura\git\repository\AppiumFramework\Screenshots\ANDROID_Pixel6Appium\2023-07-19-11-27-15\ECommerceValidationExcell\FillForm.png' height='400' width='400'/> </a>]]>
            </line>
          </reporter-output>
        </test-method> <!-- FillForm -->
        <test-method is-config="true" signature="tearDownDriver()[pri:0, instance:com.das.validation.ECommerceValidationExcell@24569dba]" started-at="2023-07-19T11:27:16 EDT" name="tearDownDriver" finished-at="2023-07-19T11:27:16 EDT" duration-ms="498" status="PASS">
          <reporter-output>
          </reporter-output>
        </test-method> <!-- tearDownDriver -->
        <test-method is-config="true" signature="tearDownDriver()[pri:0, instance:com.das.validation.ECommerceValidationExcell@24569dba]" started-at="2023-07-19T11:27:30 EDT" name="tearDownDriver" finished-at="2023-07-19T11:27:31 EDT" duration-ms="511" status="PASS">
          <reporter-output>
          </reporter-output>
        </test-method> <!-- tearDownDriver -->
        <test-method is-config="true" signature="stopDeviceAndServer()[pri:0, instance:com.das.validation.ECommerceValidationExcell@24569dba]" started-at="2023-07-19T11:27:31 EDT" name="stopDeviceAndServer" finished-at="2023-07-19T11:27:31 EDT" duration-ms="1" status="PASS">
          <reporter-output>
          </reporter-output>
        </test-method> <!-- stopDeviceAndServer -->
      </class> <!-- com.das.validation.ECommerceValidationExcell -->
    </test> <!-- Default test -->
  </suite> <!-- Default suite -->
</testng-results>
