<?xml version="1.0" encoding="UTF-8"?>
<!-- Generated by org.testng.reporters.JUnitXMLReporter -->
<testsuite ignored="0" hostname="dasg16" failures="0" tests="4" name="Default test" time="126.407" errors="0" timestamp="2023-07-29T11:03:49 EDT">
  <testcase classname="com.das.validation.ECommerceValidationExcell" name="FillForm" time="19.848"/>
  <testcase classname="com.das.validation.ECommerceValidationExcell" name="FillForm" time="15.444"/>
  <testcase classname="com.das.validation.ECommerceValidationExcell" name="FillForm" time="15.236"/>
  <testcase classname="com.das.validation.ECommerceValidationExcell" name="FillForm" time="62.116"/>
</testsuite> <!-- Default test -->
