<?xml version="1.0" encoding="UTF-8"?>
<testng-results ignored="0" total="10" passed="5" failed="5" skipped="0">
  <reporter-output>
    <line>
      <![CDATA[<a href='C:\Users\goura\eclipse-workspace\DesktopFramework\Screenshots\22\LoginTest\validateCartpage.png'> <img src='C:\Users\goura\eclipse-workspace\DesktopFramework\Screenshots\22\LoginTest\validateCartpage.png' height='400' width='400'/> </a>]]>
    </line>
    <line>
      <![CDATA[<a href='C:\Users\goura\eclipse-workspace\DesktopFramework\Screenshots\21\LoginTest\validateCartpage.png'> <img src='C:\Users\goura\eclipse-workspace\DesktopFramework\Screenshots\21\LoginTest\validateCartpage.png' height='400' width='400'/> </a>]]>
    </line>
    <line>
      <![CDATA[<a href='C:\Users\goura\eclipse-workspace\DesktopFramework\Screenshots\20\LoginTest\validateCartpage.png'> <img src='C:\Users\goura\eclipse-workspace\DesktopFramework\Screenshots\20\LoginTest\validateCartpage.png' height='400' width='400'/> </a>]]>
    </line>
    <line>
      <![CDATA[<a href='C:\Users\goura\eclipse-workspace\DesktopFramework\Screenshots\23\LoginTest\validateCartpage.png'> <img src='C:\Users\goura\eclipse-workspace\DesktopFramework\Screenshots\23\LoginTest\validateCartpage.png' height='400' width='400'/> </a>]]>
    </line>
    <line>
      <![CDATA[<a href='C:\Users\goura\eclipse-workspace\DesktopFramework\Screenshots\19\LoginTest\validateCartpage.png'> <img src='C:\Users\goura\eclipse-workspace\DesktopFramework\Screenshots\19\LoginTest\validateCartpage.png' height='400' width='400'/> </a>]]>
    </line>
  </reporter-output>
  <suite started-at="2023-07-22T15:23:06 EDT" name="Default suite" finished-at="2023-07-22T15:23:44 EDT" duration-ms="38311">
    <groups>
    </groups>
    <test started-at="2023-07-22T15:23:06 EDT" name="Default test" finished-at="2023-07-22T15:23:44 EDT" duration-ms="38311">
      <class name="com.das.validation.LoginTest">
        <test-method is-config="true" signature="startDockerGrid()[pri:0, instance:com.das.validation.LoginTest@298a5e20]" started-at="2023-07-22T15:23:05 EDT" name="startDockerGrid" finished-at="2023-07-22T15:23:06 EDT" duration-ms="138" status="PASS">
          <reporter-output>
          </reporter-output>
        </test-method> <!-- startDockerGrid -->
        <test-method is-config="true" signature="startDriver(org.testng.ITestContext)[pri:0, instance:com.das.validation.LoginTest@298a5e20]" started-at="2023-07-22T15:23:06 EDT" name="startDriver" finished-at="2023-07-22T15:23:09 EDT" duration-ms="2678" status="PASS">
          <params>
            <param index="0">
              <value>
                <![CDATA[org.testng.TestRunner@46678e49]]>
              </value>
            </param>
          </params>
          <reporter-output>
          </reporter-output>
        </test-method> <!-- startDriver -->
        <test-method is-config="true" signature="startDriver(org.testng.ITestContext)[pri:0, instance:com.das.validation.LoginTest@298a5e20]" started-at="2023-07-22T15:23:06 EDT" name="startDriver" finished-at="2023-07-22T15:23:09 EDT" duration-ms="3214" status="PASS">
          <params>
            <param index="0">
              <value>
                <![CDATA[org.testng.TestRunner@46678e49]]>
              </value>
            </param>
          </params>
          <reporter-output>
          </reporter-output>
        </test-method> <!-- startDriver -->
        <test-method is-config="true" signature="startDriver(org.testng.ITestContext)[pri:0, instance:com.das.validation.LoginTest@298a5e20]" started-at="2023-07-22T15:23:06 EDT" name="startDriver" finished-at="2023-07-22T15:23:09 EDT" duration-ms="2693" status="PASS">
          <params>
            <param index="0">
              <value>
                <![CDATA[org.testng.TestRunner@46678e49]]>
              </value>
            </param>
          </params>
          <reporter-output>
          </reporter-output>
        </test-method> <!-- startDriver -->
        <test-method is-config="true" signature="startDriver(org.testng.ITestContext)[pri:0, instance:com.das.validation.LoginTest@298a5e20]" started-at="2023-07-22T15:23:06 EDT" name="startDriver" finished-at="2023-07-22T15:23:09 EDT" duration-ms="2692" status="PASS">
          <params>
            <param index="0">
              <value>
                <![CDATA[org.testng.TestRunner@46678e49]]>
              </value>
            </param>
          </params>
          <reporter-output>
          </reporter-output>
        </test-method> <!-- startDriver -->
        <test-method is-config="true" signature="startDriver(org.testng.ITestContext)[pri:0, instance:com.das.validation.LoginTest@298a5e20]" started-at="2023-07-22T15:23:06 EDT" name="startDriver" finished-at="2023-07-22T15:23:09 EDT" duration-ms="2690" status="PASS">
          <params>
            <param index="0">
              <value>
                <![CDATA[org.testng.TestRunner@46678e49]]>
              </value>
            </param>
          </params>
          <reporter-output>
          </reporter-output>
        </test-method> <!-- startDriver -->
        <test-method is-config="true" signature="startDriver(org.testng.ITestContext)[pri:0, instance:com.das.validation.LoginTest@298a5e20]" started-at="2023-07-22T15:23:06 EDT" name="startDriver" finished-at="2023-07-22T15:23:09 EDT" duration-ms="2619" status="PASS">
          <params>
            <param index="0">
              <value>
                <![CDATA[org.testng.TestRunner@46678e49]]>
              </value>
            </param>
          </params>
          <reporter-output>
          </reporter-output>
        </test-method> <!-- startDriver -->
        <test-method is-config="true" signature="startDriver(org.testng.ITestContext)[pri:0, instance:com.das.validation.LoginTest@298a5e20]" started-at="2023-07-22T15:23:06 EDT" name="startDriver" finished-at="2023-07-22T15:23:09 EDT" duration-ms="2648" status="PASS">
          <params>
            <param index="0">
              <value>
                <![CDATA[org.testng.TestRunner@46678e49]]>
              </value>
            </param>
          </params>
          <reporter-output>
          </reporter-output>
        </test-method> <!-- startDriver -->
        <test-method is-config="true" signature="startDriver(org.testng.ITestContext)[pri:0, instance:com.das.validation.LoginTest@298a5e20]" started-at="2023-07-22T15:23:06 EDT" name="startDriver" finished-at="2023-07-22T15:23:09 EDT" duration-ms="2706" status="PASS">
          <params>
            <param index="0">
              <value>
                <![CDATA[org.testng.TestRunner@46678e49]]>
              </value>
            </param>
          </params>
          <reporter-output>
          </reporter-output>
        </test-method> <!-- startDriver -->
        <test-method is-config="true" signature="startDriver(org.testng.ITestContext)[pri:0, instance:com.das.validation.LoginTest@298a5e20]" started-at="2023-07-22T15:23:06 EDT" name="startDriver" finished-at="2023-07-22T15:23:09 EDT" duration-ms="2706" status="PASS">
          <params>
            <param index="0">
              <value>
                <![CDATA[org.testng.TestRunner@46678e49]]>
              </value>
            </param>
          </params>
          <reporter-output>
          </reporter-output>
        </test-method> <!-- startDriver -->
        <test-method is-config="true" signature="startDriver(org.testng.ITestContext)[pri:0, instance:com.das.validation.LoginTest@298a5e20]" started-at="2023-07-22T15:23:06 EDT" name="startDriver" finished-at="2023-07-22T15:23:09 EDT" duration-ms="2798" status="PASS">
          <params>
            <param index="0">
              <value>
                <![CDATA[org.testng.TestRunner@46678e49]]>
              </value>
            </param>
          </params>
          <reporter-output>
          </reporter-output>
        </test-method> <!-- startDriver -->
        <test-method signature="validateCartpage(com.das.pojo.CustomerInfo,com.das.pojo.CustomerInfo)[pri:0, instance:com.das.validation.LoginTest@298a5e20]" started-at="2023-07-22T15:23:09 EDT" name="validateCartpage" data-provider="getData" finished-at="2023-07-22T15:23:15 EDT" duration-ms="6916" status="PASS">
          <params>
            <param index="0">
              <value>
                <![CDATA[com.das.pojo.CustomerInfo@63fa1ca8]]>
              </value>
            </param>
            <param index="1">
              <value>
                <![CDATA[com.das.pojo.CustomerInfo@32257d69]]>
              </value>
            </param>
          </params>
          <reporter-output>
          </reporter-output>
        </test-method> <!-- validateCartpage -->
        <test-method signature="validateCartpage(com.das.pojo.CustomerInfo,com.das.pojo.CustomerInfo)[pri:0, instance:com.das.validation.LoginTest@298a5e20]" started-at="2023-07-22T15:23:09 EDT" name="validateCartpage" data-provider="getData" finished-at="2023-07-22T15:23:43 EDT" duration-ms="34264" status="FAIL">
          <params>
            <param index="0">
              <value>
                <![CDATA[com.das.pojo.CustomerInfo@45ff2d6f]]>
              </value>
            </param>
            <param index="1">
              <value>
                <![CDATA[com.das.pojo.CustomerInfo@76177a0c]]>
              </value>
            </param>
          </params>
          <exception class="org.openqa.selenium.NoSuchElementException">
            <message>
              <![CDATA[no such element: Unable to locate element: {"method":"link text","selector":"Orders"}
  (Session info: chrome=114.0.5735.199)
For documentation on this error, please visit: https://www.seleniumhq.org/exceptions/no_such_element.html
Build info: version: '3.141.59', revision: 'e82be7d358', time: '2018-11-14T08:17:03'
System info: host: 'DASG16', ip: '10.0.0.39', os.name: 'Windows 11', os.arch: 'amd64', os.version: '10.0', java.version: '11.0.18'
Driver info: org.openqa.selenium.chrome.ChromeDriver
Capabilities {acceptInsecureCerts: false, browserName: chrome, browserVersion: 114.0.5735.199, chrome: {chromedriverVersion: 114.0.5735.90 (386bc09e8f4f..., userDataDir: C:\Users\goura\AppData\Loca...}, goog:chromeOptions: {debuggerAddress: localhost:51382}, javascriptEnabled: true, networkConnectionEnabled: false, pageLoadStrategy: normal, platform: WINDOWS, platformName: WINDOWS, proxy: Proxy(), setWindowRect: true, strictFileInteractability: false, timeouts: {implicit: 0, pageLoad: 300000, script: 30000}, unhandledPromptBehavior: dismiss and notify, webauthn:extension:credBlob: true, webauthn:extension:largeBlob: true, webauthn:extension:minPinLength: true, webauthn:extension:prf: true, webauthn:virtualAuthenticators: true}
Session ID: 4ce88b347ce509cb9d14e247b469d54b
*** Element info: {Using=link text, value=Orders}]]>
            </message>
            <full-stacktrace>
              <![CDATA[org.openqa.selenium.NoSuchElementException: no such element: Unable to locate element: {"method":"link text","selector":"Orders"}
  (Session info: chrome=114.0.5735.199)
For documentation on this error, please visit: https://www.seleniumhq.org/exceptions/no_such_element.html
Build info: version: '3.141.59', revision: 'e82be7d358', time: '2018-11-14T08:17:03'
System info: host: 'DASG16', ip: '10.0.0.39', os.name: 'Windows 11', os.arch: 'amd64', os.version: '10.0', java.version: '11.0.18'
Driver info: org.openqa.selenium.chrome.ChromeDriver
Capabilities {acceptInsecureCerts: false, browserName: chrome, browserVersion: 114.0.5735.199, chrome: {chromedriverVersion: 114.0.5735.90 (386bc09e8f4f..., userDataDir: C:\Users\goura\AppData\Loca...}, goog:chromeOptions: {debuggerAddress: localhost:51382}, javascriptEnabled: true, networkConnectionEnabled: false, pageLoadStrategy: normal, platform: WINDOWS, platformName: WINDOWS, proxy: Proxy(), setWindowRect: true, strictFileInteractability: false, timeouts: {implicit: 0, pageLoad: 300000, script: 30000}, unhandledPromptBehavior: dismiss and notify, webauthn:extension:credBlob: true, webauthn:extension:largeBlob: true, webauthn:extension:minPinLength: true, webauthn:extension:prf: true, webauthn:virtualAuthenticators: true}
Session ID: 4ce88b347ce509cb9d14e247b469d54b
*** Element info: {Using=link text, value=Orders}
at java.base/jdk.internal.reflect.NativeConstructorAccessorImpl.newInstance0(Native Method)
at java.base/jdk.internal.reflect.NativeConstructorAccessorImpl.newInstance(NativeConstructorAccessorImpl.java:62)
at java.base/jdk.internal.reflect.DelegatingConstructorAccessorImpl.newInstance(DelegatingConstructorAccessorImpl.java:45)
at java.base/java.lang.reflect.Constructor.newInstance(Constructor.java:490)
at org.openqa.selenium.remote.http.W3CHttpResponseCodec.createException(W3CHttpResponseCodec.java:187)
at org.openqa.selenium.remote.http.W3CHttpResponseCodec.decode(W3CHttpResponseCodec.java:122)
at org.openqa.selenium.remote.http.W3CHttpResponseCodec.decode(W3CHttpResponseCodec.java:49)
at org.openqa.selenium.remote.HttpCommandExecutor.execute(HttpCommandExecutor.java:158)
at org.openqa.selenium.remote.service.DriverCommandExecutor.execute(DriverCommandExecutor.java:83)
at org.openqa.selenium.remote.RemoteWebDriver.execute(RemoteWebDriver.java:552)
at org.openqa.selenium.remote.RemoteWebDriver.findElement(RemoteWebDriver.java:323)
at org.openqa.selenium.remote.RemoteWebDriver.findElementByLinkText(RemoteWebDriver.java:380)
at org.openqa.selenium.By$ByLinkText.findElement(By.java:220)
at org.openqa.selenium.remote.RemoteWebDriver.findElement(RemoteWebDriver.java:315)
at com.das.pom.AccountPage.getOrderLink(AccountPage.java:36)
at com.das.validation.LoginTest.validateCartpage(LoginTest.java:22)
at java.base/jdk.internal.reflect.NativeMethodAccessorImpl.invoke0(Native Method)
at java.base/jdk.internal.reflect.NativeMethodAccessorImpl.invoke(NativeMethodAccessorImpl.java:62)
at java.base/jdk.internal.reflect.DelegatingMethodAccessorImpl.invoke(DelegatingMethodAccessorImpl.java:43)
at java.base/java.lang.reflect.Method.invoke(Method.java:566)
at org.testng.internal.MethodInvocationHelper.invokeMethod(MethodInvocationHelper.java:133)
at org.testng.internal.TestInvoker.invokeMethod(TestInvoker.java:598)
at org.testng.internal.TestInvoker.invokeTestMethod(TestInvoker.java:173)
at org.testng.internal.TestMethodWithDataProviderMethodWorker.call(TestMethodWithDataProviderMethodWorker.java:77)
at org.testng.internal.TestMethodWithDataProviderMethodWorker.call(TestMethodWithDataProviderMethodWorker.java:15)
at java.base/java.util.concurrent.FutureTask.run(FutureTask.java:264)
at java.base/java.util.concurrent.Executors$RunnableAdapter.call(Executors.java:515)
at java.base/java.util.concurrent.FutureTask.run(FutureTask.java:264)
at java.base/java.util.concurrent.ThreadPoolExecutor.runWorker(ThreadPoolExecutor.java:1128)
at java.base/java.util.concurrent.ThreadPoolExecutor$Worker.run(ThreadPoolExecutor.java:628)
at java.base/java.lang.Thread.run(Thread.java:834)
]]>
            </full-stacktrace>
          </exception> <!-- org.openqa.selenium.NoSuchElementException -->
          <reporter-output>
            <line>
              <![CDATA[<a href='C:\Users\goura\eclipse-workspace\DesktopFramework\Screenshots\21\LoginTest\validateCartpage.png'> <img src='C:\Users\goura\eclipse-workspace\DesktopFramework\Screenshots\21\LoginTest\validateCartpage.png' height='400' width='400'/> </a>]]>
            </line>
          </reporter-output>
        </test-method> <!-- validateCartpage -->
        <test-method signature="validateCartpage(com.das.pojo.CustomerInfo,com.das.pojo.CustomerInfo)[pri:0, instance:com.das.validation.LoginTest@298a5e20]" started-at="2023-07-22T15:23:09 EDT" name="validateCartpage" data-provider="getData" finished-at="2023-07-22T15:23:14 EDT" duration-ms="5779" status="PASS">
          <params>
            <param index="0">
              <value>
                <![CDATA[com.das.pojo.CustomerInfo@51d927f8]]>
              </value>
            </param>
            <param index="1">
              <value>
                <![CDATA[com.das.pojo.CustomerInfo@66697192]]>
              </value>
            </param>
          </params>
          <reporter-output>
          </reporter-output>
        </test-method> <!-- validateCartpage -->
        <test-method signature="validateCartpage(com.das.pojo.CustomerInfo,com.das.pojo.CustomerInfo)[pri:0, instance:com.das.validation.LoginTest@298a5e20]" started-at="2023-07-22T15:23:09 EDT" name="validateCartpage" data-provider="getData" finished-at="2023-07-22T15:23:15 EDT" duration-ms="6419" status="PASS">
          <params>
            <param index="0">
              <value>
                <![CDATA[com.das.pojo.CustomerInfo@14a5e51c]]>
              </value>
            </param>
            <param index="1">
              <value>
                <![CDATA[com.das.pojo.CustomerInfo@51b28f31]]>
              </value>
            </param>
          </params>
          <reporter-output>
          </reporter-output>
        </test-method> <!-- validateCartpage -->
        <test-method signature="validateCartpage(com.das.pojo.CustomerInfo,com.das.pojo.CustomerInfo)[pri:0, instance:com.das.validation.LoginTest@298a5e20]" started-at="2023-07-22T15:23:09 EDT" name="validateCartpage" data-provider="getData" finished-at="2023-07-22T15:23:14 EDT" duration-ms="5431" status="PASS">
          <params>
            <param index="0">
              <value>
                <![CDATA[com.das.pojo.CustomerInfo@358d6489]]>
              </value>
            </param>
            <param index="1">
              <value>
                <![CDATA[com.das.pojo.CustomerInfo@30be49f7]]>
              </value>
            </param>
          </params>
          <reporter-output>
          </reporter-output>
        </test-method> <!-- validateCartpage -->
        <test-method signature="validateCartpage(com.das.pojo.CustomerInfo,com.das.pojo.CustomerInfo)[pri:0, instance:com.das.validation.LoginTest@298a5e20]" started-at="2023-07-22T15:23:09 EDT" name="validateCartpage" data-provider="getData" finished-at="2023-07-22T15:23:42 EDT" duration-ms="33780" status="FAIL">
          <params>
            <param index="0">
              <value>
                <![CDATA[com.das.pojo.CustomerInfo@7dc88707]]>
              </value>
            </param>
            <param index="1">
              <value>
                <![CDATA[com.das.pojo.CustomerInfo@6c63f1e5]]>
              </value>
            </param>
          </params>
          <exception class="org.openqa.selenium.NoSuchElementException">
            <message>
              <![CDATA[no such element: Unable to locate element: {"method":"link text","selector":"Orders"}
  (Session info: chrome=114.0.5735.199)
For documentation on this error, please visit: https://www.seleniumhq.org/exceptions/no_such_element.html
Build info: version: '3.141.59', revision: 'e82be7d358', time: '2018-11-14T08:17:03'
System info: host: 'DASG16', ip: '10.0.0.39', os.name: 'Windows 11', os.arch: 'amd64', os.version: '10.0', java.version: '11.0.18'
Driver info: org.openqa.selenium.chrome.ChromeDriver
Capabilities {acceptInsecureCerts: false, browserName: chrome, browserVersion: 114.0.5735.199, chrome: {chromedriverVersion: 114.0.5735.90 (386bc09e8f4f..., userDataDir: C:\Users\goura\AppData\Loca...}, goog:chromeOptions: {debuggerAddress: localhost:51387}, javascriptEnabled: true, networkConnectionEnabled: false, pageLoadStrategy: normal, platform: WINDOWS, platformName: WINDOWS, proxy: Proxy(), setWindowRect: true, strictFileInteractability: false, timeouts: {implicit: 0, pageLoad: 300000, script: 30000}, unhandledPromptBehavior: dismiss and notify, webauthn:extension:credBlob: true, webauthn:extension:largeBlob: true, webauthn:extension:minPinLength: true, webauthn:extension:prf: true, webauthn:virtualAuthenticators: true}
Session ID: 1e609c0ebc332aee11e060a2ba4ce8dd
*** Element info: {Using=link text, value=Orders}]]>
            </message>
            <full-stacktrace>
              <![CDATA[org.openqa.selenium.NoSuchElementException: no such element: Unable to locate element: {"method":"link text","selector":"Orders"}
  (Session info: chrome=114.0.5735.199)
For documentation on this error, please visit: https://www.seleniumhq.org/exceptions/no_such_element.html
Build info: version: '3.141.59', revision: 'e82be7d358', time: '2018-11-14T08:17:03'
System info: host: 'DASG16', ip: '10.0.0.39', os.name: 'Windows 11', os.arch: 'amd64', os.version: '10.0', java.version: '11.0.18'
Driver info: org.openqa.selenium.chrome.ChromeDriver
Capabilities {acceptInsecureCerts: false, browserName: chrome, browserVersion: 114.0.5735.199, chrome: {chromedriverVersion: 114.0.5735.90 (386bc09e8f4f..., userDataDir: C:\Users\goura\AppData\Loca...}, goog:chromeOptions: {debuggerAddress: localhost:51387}, javascriptEnabled: true, networkConnectionEnabled: false, pageLoadStrategy: normal, platform: WINDOWS, platformName: WINDOWS, proxy: Proxy(), setWindowRect: true, strictFileInteractability: false, timeouts: {implicit: 0, pageLoad: 300000, script: 30000}, unhandledPromptBehavior: dismiss and notify, webauthn:extension:credBlob: true, webauthn:extension:largeBlob: true, webauthn:extension:minPinLength: true, webauthn:extension:prf: true, webauthn:virtualAuthenticators: true}
Session ID: 1e609c0ebc332aee11e060a2ba4ce8dd
*** Element info: {Using=link text, value=Orders}
at java.base/jdk.internal.reflect.NativeConstructorAccessorImpl.newInstance0(Native Method)
at java.base/jdk.internal.reflect.NativeConstructorAccessorImpl.newInstance(NativeConstructorAccessorImpl.java:62)
at java.base/jdk.internal.reflect.DelegatingConstructorAccessorImpl.newInstance(DelegatingConstructorAccessorImpl.java:45)
at java.base/java.lang.reflect.Constructor.newInstance(Constructor.java:490)
at org.openqa.selenium.remote.http.W3CHttpResponseCodec.createException(W3CHttpResponseCodec.java:187)
at org.openqa.selenium.remote.http.W3CHttpResponseCodec.decode(W3CHttpResponseCodec.java:122)
at org.openqa.selenium.remote.http.W3CHttpResponseCodec.decode(W3CHttpResponseCodec.java:49)
at org.openqa.selenium.remote.HttpCommandExecutor.execute(HttpCommandExecutor.java:158)
at org.openqa.selenium.remote.service.DriverCommandExecutor.execute(DriverCommandExecutor.java:83)
at org.openqa.selenium.remote.RemoteWebDriver.execute(RemoteWebDriver.java:552)
at org.openqa.selenium.remote.RemoteWebDriver.findElement(RemoteWebDriver.java:323)
at org.openqa.selenium.remote.RemoteWebDriver.findElementByLinkText(RemoteWebDriver.java:380)
at org.openqa.selenium.By$ByLinkText.findElement(By.java:220)
at org.openqa.selenium.remote.RemoteWebDriver.findElement(RemoteWebDriver.java:315)
at com.das.pom.AccountPage.getOrderLink(AccountPage.java:36)
at com.das.validation.LoginTest.validateCartpage(LoginTest.java:22)
at java.base/jdk.internal.reflect.NativeMethodAccessorImpl.invoke0(Native Method)
at java.base/jdk.internal.reflect.NativeMethodAccessorImpl.invoke(NativeMethodAccessorImpl.java:62)
at java.base/jdk.internal.reflect.DelegatingMethodAccessorImpl.invoke(DelegatingMethodAccessorImpl.java:43)
at java.base/java.lang.reflect.Method.invoke(Method.java:566)
at org.testng.internal.MethodInvocationHelper.invokeMethod(MethodInvocationHelper.java:133)
at org.testng.internal.TestInvoker.invokeMethod(TestInvoker.java:598)
at org.testng.internal.TestInvoker.invokeTestMethod(TestInvoker.java:173)
at org.testng.internal.TestMethodWithDataProviderMethodWorker.call(TestMethodWithDataProviderMethodWorker.java:77)
at org.testng.internal.TestMethodWithDataProviderMethodWorker.call(TestMethodWithDataProviderMethodWorker.java:15)
at java.base/java.util.concurrent.FutureTask.run(FutureTask.java:264)
at java.base/java.util.concurrent.Executors$RunnableAdapter.call(Executors.java:515)
at java.base/java.util.concurrent.FutureTask.run(FutureTask.java:264)
at java.base/java.util.concurrent.ThreadPoolExecutor.runWorker(ThreadPoolExecutor.java:1128)
at java.base/java.util.concurrent.ThreadPoolExecutor$Worker.run(ThreadPoolExecutor.java:628)
at java.base/java.lang.Thread.run(Thread.java:834)
]]>
            </full-stacktrace>
          </exception> <!-- org.openqa.selenium.NoSuchElementException -->
          <reporter-output>
            <line>
              <![CDATA[<a href='C:\Users\goura\eclipse-workspace\DesktopFramework\Screenshots\22\LoginTest\validateCartpage.png'> <img src='C:\Users\goura\eclipse-workspace\DesktopFramework\Screenshots\22\LoginTest\validateCartpage.png' height='400' width='400'/> </a>]]>
            </line>
          </reporter-output>
        </test-method> <!-- validateCartpage -->
        <test-method signature="validateCartpage(com.das.pojo.CustomerInfo,com.das.pojo.CustomerInfo)[pri:0, instance:com.das.validation.LoginTest@298a5e20]" started-at="2023-07-22T15:23:09 EDT" name="validateCartpage" data-provider="getData" finished-at="2023-07-22T15:23:43 EDT" duration-ms="34227" status="FAIL">
          <params>
            <param index="0">
              <value>
                <![CDATA[com.das.pojo.CustomerInfo@521267a7]]>
              </value>
            </param>
            <param index="1">
              <value>
                <![CDATA[com.das.pojo.CustomerInfo@125c99b4]]>
              </value>
            </param>
          </params>
          <exception class="org.openqa.selenium.NoSuchElementException">
            <message>
              <![CDATA[no such element: Unable to locate element: {"method":"link text","selector":"Orders"}
  (Session info: chrome=114.0.5735.199)
For documentation on this error, please visit: https://www.seleniumhq.org/exceptions/no_such_element.html
Build info: version: '3.141.59', revision: 'e82be7d358', time: '2018-11-14T08:17:03'
System info: host: 'DASG16', ip: '10.0.0.39', os.name: 'Windows 11', os.arch: 'amd64', os.version: '10.0', java.version: '11.0.18'
Driver info: org.openqa.selenium.chrome.ChromeDriver
Capabilities {acceptInsecureCerts: false, browserName: chrome, browserVersion: 114.0.5735.199, chrome: {chromedriverVersion: 114.0.5735.90 (386bc09e8f4f..., userDataDir: C:\Users\goura\AppData\Loca...}, goog:chromeOptions: {debuggerAddress: localhost:51388}, javascriptEnabled: true, networkConnectionEnabled: false, pageLoadStrategy: normal, platform: WINDOWS, platformName: WINDOWS, proxy: Proxy(), setWindowRect: true, strictFileInteractability: false, timeouts: {implicit: 0, pageLoad: 300000, script: 30000}, unhandledPromptBehavior: dismiss and notify, webauthn:extension:credBlob: true, webauthn:extension:largeBlob: true, webauthn:extension:minPinLength: true, webauthn:extension:prf: true, webauthn:virtualAuthenticators: true}
Session ID: 27d3a69b183fc72aa2a7ed5b20c99f62
*** Element info: {Using=link text, value=Orders}]]>
            </message>
            <full-stacktrace>
              <![CDATA[org.openqa.selenium.NoSuchElementException: no such element: Unable to locate element: {"method":"link text","selector":"Orders"}
  (Session info: chrome=114.0.5735.199)
For documentation on this error, please visit: https://www.seleniumhq.org/exceptions/no_such_element.html
Build info: version: '3.141.59', revision: 'e82be7d358', time: '2018-11-14T08:17:03'
System info: host: 'DASG16', ip: '10.0.0.39', os.name: 'Windows 11', os.arch: 'amd64', os.version: '10.0', java.version: '11.0.18'
Driver info: org.openqa.selenium.chrome.ChromeDriver
Capabilities {acceptInsecureCerts: false, browserName: chrome, browserVersion: 114.0.5735.199, chrome: {chromedriverVersion: 114.0.5735.90 (386bc09e8f4f..., userDataDir: C:\Users\goura\AppData\Loca...}, goog:chromeOptions: {debuggerAddress: localhost:51388}, javascriptEnabled: true, networkConnectionEnabled: false, pageLoadStrategy: normal, platform: WINDOWS, platformName: WINDOWS, proxy: Proxy(), setWindowRect: true, strictFileInteractability: false, timeouts: {implicit: 0, pageLoad: 300000, script: 30000}, unhandledPromptBehavior: dismiss and notify, webauthn:extension:credBlob: true, webauthn:extension:largeBlob: true, webauthn:extension:minPinLength: true, webauthn:extension:prf: true, webauthn:virtualAuthenticators: true}
Session ID: 27d3a69b183fc72aa2a7ed5b20c99f62
*** Element info: {Using=link text, value=Orders}
at java.base/jdk.internal.reflect.NativeConstructorAccessorImpl.newInstance0(Native Method)
at java.base/jdk.internal.reflect.NativeConstructorAccessorImpl.newInstance(NativeConstructorAccessorImpl.java:62)
at java.base/jdk.internal.reflect.DelegatingConstructorAccessorImpl.newInstance(DelegatingConstructorAccessorImpl.java:45)
at java.base/java.lang.reflect.Constructor.newInstance(Constructor.java:490)
at org.openqa.selenium.remote.http.W3CHttpResponseCodec.createException(W3CHttpResponseCodec.java:187)
at org.openqa.selenium.remote.http.W3CHttpResponseCodec.decode(W3CHttpResponseCodec.java:122)
at org.openqa.selenium.remote.http.W3CHttpResponseCodec.decode(W3CHttpResponseCodec.java:49)
at org.openqa.selenium.remote.HttpCommandExecutor.execute(HttpCommandExecutor.java:158)
at org.openqa.selenium.remote.service.DriverCommandExecutor.execute(DriverCommandExecutor.java:83)
at org.openqa.selenium.remote.RemoteWebDriver.execute(RemoteWebDriver.java:552)
at org.openqa.selenium.remote.RemoteWebDriver.findElement(RemoteWebDriver.java:323)
at org.openqa.selenium.remote.RemoteWebDriver.findElementByLinkText(RemoteWebDriver.java:380)
at org.openqa.selenium.By$ByLinkText.findElement(By.java:220)
at org.openqa.selenium.remote.RemoteWebDriver.findElement(RemoteWebDriver.java:315)
at com.das.pom.AccountPage.getOrderLink(AccountPage.java:36)
at com.das.validation.LoginTest.validateCartpage(LoginTest.java:22)
at java.base/jdk.internal.reflect.NativeMethodAccessorImpl.invoke0(Native Method)
at java.base/jdk.internal.reflect.NativeMethodAccessorImpl.invoke(NativeMethodAccessorImpl.java:62)
at java.base/jdk.internal.reflect.DelegatingMethodAccessorImpl.invoke(DelegatingMethodAccessorImpl.java:43)
at java.base/java.lang.reflect.Method.invoke(Method.java:566)
at org.testng.internal.MethodInvocationHelper.invokeMethod(MethodInvocationHelper.java:133)
at org.testng.internal.TestInvoker.invokeMethod(TestInvoker.java:598)
at org.testng.internal.TestInvoker.invokeTestMethod(TestInvoker.java:173)
at org.testng.internal.TestMethodWithDataProviderMethodWorker.call(TestMethodWithDataProviderMethodWorker.java:77)
at org.testng.internal.TestMethodWithDataProviderMethodWorker.call(TestMethodWithDataProviderMethodWorker.java:15)
at java.base/java.util.concurrent.FutureTask.run(FutureTask.java:264)
at java.base/java.util.concurrent.Executors$RunnableAdapter.call(Executors.java:515)
at java.base/java.util.concurrent.FutureTask.run(FutureTask.java:264)
at java.base/java.util.concurrent.ThreadPoolExecutor.runWorker(ThreadPoolExecutor.java:1128)
at java.base/java.util.concurrent.ThreadPoolExecutor$Worker.run(ThreadPoolExecutor.java:628)
at java.base/java.lang.Thread.run(Thread.java:834)
]]>
            </full-stacktrace>
          </exception> <!-- org.openqa.selenium.NoSuchElementException -->
          <reporter-output>
            <line>
              <![CDATA[<a href='C:\Users\goura\eclipse-workspace\DesktopFramework\Screenshots\20\LoginTest\validateCartpage.png'> <img src='C:\Users\goura\eclipse-workspace\DesktopFramework\Screenshots\20\LoginTest\validateCartpage.png' height='400' width='400'/> </a>]]>
            </line>
          </reporter-output>
        </test-method> <!-- validateCartpage -->
        <test-method signature="validateCartpage(com.das.pojo.CustomerInfo,com.das.pojo.CustomerInfo)[pri:0, instance:com.das.validation.LoginTest@298a5e20]" started-at="2023-07-22T15:23:09 EDT" name="validateCartpage" data-provider="getData" finished-at="2023-07-22T15:23:14 EDT" duration-ms="5513" status="PASS">
          <params>
            <param index="0">
              <value>
                <![CDATA[com.das.pojo.CustomerInfo@6d41cb9]]>
              </value>
            </param>
            <param index="1">
              <value>
                <![CDATA[com.das.pojo.CustomerInfo@6422f69d]]>
              </value>
            </param>
          </params>
          <reporter-output>
          </reporter-output>
        </test-method> <!-- validateCartpage -->
        <test-method signature="validateCartpage(com.das.pojo.CustomerInfo,com.das.pojo.CustomerInfo)[pri:0, instance:com.das.validation.LoginTest@298a5e20]" started-at="2023-07-22T15:23:09 EDT" name="validateCartpage" data-provider="getData" finished-at="2023-07-22T15:23:43 EDT" duration-ms="34210" status="FAIL">
          <params>
            <param index="0">
              <value>
                <![CDATA[com.das.pojo.CustomerInfo@1462c47d]]>
              </value>
            </param>
            <param index="1">
              <value>
                <![CDATA[com.das.pojo.CustomerInfo@25f5773e]]>
              </value>
            </param>
          </params>
          <exception class="org.openqa.selenium.NoSuchElementException">
            <message>
              <![CDATA[no such element: Unable to locate element: {"method":"link text","selector":"Orders"}
  (Session info: chrome=114.0.5735.199)
For documentation on this error, please visit: https://www.seleniumhq.org/exceptions/no_such_element.html
Build info: version: '3.141.59', revision: 'e82be7d358', time: '2018-11-14T08:17:03'
System info: host: 'DASG16', ip: '10.0.0.39', os.name: 'Windows 11', os.arch: 'amd64', os.version: '10.0', java.version: '11.0.18'
Driver info: org.openqa.selenium.chrome.ChromeDriver
Capabilities {acceptInsecureCerts: false, browserName: chrome, browserVersion: 114.0.5735.199, chrome: {chromedriverVersion: 114.0.5735.90 (386bc09e8f4f..., userDataDir: C:\Users\goura\AppData\Loca...}, goog:chromeOptions: {debuggerAddress: localhost:51410}, javascriptEnabled: true, networkConnectionEnabled: false, pageLoadStrategy: normal, platform: WINDOWS, platformName: WINDOWS, proxy: Proxy(), setWindowRect: true, strictFileInteractability: false, timeouts: {implicit: 0, pageLoad: 300000, script: 30000}, unhandledPromptBehavior: dismiss and notify, webauthn:extension:credBlob: true, webauthn:extension:largeBlob: true, webauthn:extension:minPinLength: true, webauthn:extension:prf: true, webauthn:virtualAuthenticators: true}
Session ID: 04ad4a315bba39da6e72506fc55452c1
*** Element info: {Using=link text, value=Orders}]]>
            </message>
            <full-stacktrace>
              <![CDATA[org.openqa.selenium.NoSuchElementException: no such element: Unable to locate element: {"method":"link text","selector":"Orders"}
  (Session info: chrome=114.0.5735.199)
For documentation on this error, please visit: https://www.seleniumhq.org/exceptions/no_such_element.html
Build info: version: '3.141.59', revision: 'e82be7d358', time: '2018-11-14T08:17:03'
System info: host: 'DASG16', ip: '10.0.0.39', os.name: 'Windows 11', os.arch: 'amd64', os.version: '10.0', java.version: '11.0.18'
Driver info: org.openqa.selenium.chrome.ChromeDriver
Capabilities {acceptInsecureCerts: false, browserName: chrome, browserVersion: 114.0.5735.199, chrome: {chromedriverVersion: 114.0.5735.90 (386bc09e8f4f..., userDataDir: C:\Users\goura\AppData\Loca...}, goog:chromeOptions: {debuggerAddress: localhost:51410}, javascriptEnabled: true, networkConnectionEnabled: false, pageLoadStrategy: normal, platform: WINDOWS, platformName: WINDOWS, proxy: Proxy(), setWindowRect: true, strictFileInteractability: false, timeouts: {implicit: 0, pageLoad: 300000, script: 30000}, unhandledPromptBehavior: dismiss and notify, webauthn:extension:credBlob: true, webauthn:extension:largeBlob: true, webauthn:extension:minPinLength: true, webauthn:extension:prf: true, webauthn:virtualAuthenticators: true}
Session ID: 04ad4a315bba39da6e72506fc55452c1
*** Element info: {Using=link text, value=Orders}
at java.base/jdk.internal.reflect.NativeConstructorAccessorImpl.newInstance0(Native Method)
at java.base/jdk.internal.reflect.NativeConstructorAccessorImpl.newInstance(NativeConstructorAccessorImpl.java:62)
at java.base/jdk.internal.reflect.DelegatingConstructorAccessorImpl.newInstance(DelegatingConstructorAccessorImpl.java:45)
at java.base/java.lang.reflect.Constructor.newInstance(Constructor.java:490)
at org.openqa.selenium.remote.http.W3CHttpResponseCodec.createException(W3CHttpResponseCodec.java:187)
at org.openqa.selenium.remote.http.W3CHttpResponseCodec.decode(W3CHttpResponseCodec.java:122)
at org.openqa.selenium.remote.http.W3CHttpResponseCodec.decode(W3CHttpResponseCodec.java:49)
at org.openqa.selenium.remote.HttpCommandExecutor.execute(HttpCommandExecutor.java:158)
at org.openqa.selenium.remote.service.DriverCommandExecutor.execute(DriverCommandExecutor.java:83)
at org.openqa.selenium.remote.RemoteWebDriver.execute(RemoteWebDriver.java:552)
at org.openqa.selenium.remote.RemoteWebDriver.findElement(RemoteWebDriver.java:323)
at org.openqa.selenium.remote.RemoteWebDriver.findElementByLinkText(RemoteWebDriver.java:380)
at org.openqa.selenium.By$ByLinkText.findElement(By.java:220)
at org.openqa.selenium.remote.RemoteWebDriver.findElement(RemoteWebDriver.java:315)
at com.das.pom.AccountPage.getOrderLink(AccountPage.java:36)
at com.das.validation.LoginTest.validateCartpage(LoginTest.java:22)
at java.base/jdk.internal.reflect.NativeMethodAccessorImpl.invoke0(Native Method)
at java.base/jdk.internal.reflect.NativeMethodAccessorImpl.invoke(NativeMethodAccessorImpl.java:62)
at java.base/jdk.internal.reflect.DelegatingMethodAccessorImpl.invoke(DelegatingMethodAccessorImpl.java:43)
at java.base/java.lang.reflect.Method.invoke(Method.java:566)
at org.testng.internal.MethodInvocationHelper.invokeMethod(MethodInvocationHelper.java:133)
at org.testng.internal.TestInvoker.invokeMethod(TestInvoker.java:598)
at org.testng.internal.TestInvoker.invokeTestMethod(TestInvoker.java:173)
at org.testng.internal.TestMethodWithDataProviderMethodWorker.call(TestMethodWithDataProviderMethodWorker.java:77)
at org.testng.internal.TestMethodWithDataProviderMethodWorker.call(TestMethodWithDataProviderMethodWorker.java:15)
at java.base/java.util.concurrent.FutureTask.run(FutureTask.java:264)
at java.base/java.util.concurrent.Executors$RunnableAdapter.call(Executors.java:515)
at java.base/java.util.concurrent.FutureTask.run(FutureTask.java:264)
at java.base/java.util.concurrent.ThreadPoolExecutor.runWorker(ThreadPoolExecutor.java:1128)
at java.base/java.util.concurrent.ThreadPoolExecutor$Worker.run(ThreadPoolExecutor.java:628)
at java.base/java.lang.Thread.run(Thread.java:834)
]]>
            </full-stacktrace>
          </exception> <!-- org.openqa.selenium.NoSuchElementException -->
          <reporter-output>
            <line>
              <![CDATA[<a href='C:\Users\goura\eclipse-workspace\DesktopFramework\Screenshots\23\LoginTest\validateCartpage.png'> <img src='C:\Users\goura\eclipse-workspace\DesktopFramework\Screenshots\23\LoginTest\validateCartpage.png' height='400' width='400'/> </a>]]>
            </line>
          </reporter-output>
        </test-method> <!-- validateCartpage -->
        <test-method signature="validateCartpage(com.das.pojo.CustomerInfo,com.das.pojo.CustomerInfo)[pri:0, instance:com.das.validation.LoginTest@298a5e20]" started-at="2023-07-22T15:23:09 EDT" name="validateCartpage" data-provider="getData" finished-at="2023-07-22T15:23:44 EDT" duration-ms="34447" status="FAIL">
          <params>
            <param index="0">
              <value>
                <![CDATA[com.das.pojo.CustomerInfo@4d22ac08]]>
              </value>
            </param>
            <param index="1">
              <value>
                <![CDATA[com.das.pojo.CustomerInfo@29d8ff67]]>
              </value>
            </param>
          </params>
          <exception class="org.openqa.selenium.NoSuchElementException">
            <message>
              <![CDATA[no such element: Unable to locate element: {"method":"link text","selector":"Orders"}
  (Session info: chrome=114.0.5735.199)
For documentation on this error, please visit: https://www.seleniumhq.org/exceptions/no_such_element.html
Build info: version: '3.141.59', revision: 'e82be7d358', time: '2018-11-14T08:17:03'
System info: host: 'DASG16', ip: '10.0.0.39', os.name: 'Windows 11', os.arch: 'amd64', os.version: '10.0', java.version: '11.0.18'
Driver info: org.openqa.selenium.chrome.ChromeDriver
Capabilities {acceptInsecureCerts: false, browserName: chrome, browserVersion: 114.0.5735.199, chrome: {chromedriverVersion: 114.0.5735.90 (386bc09e8f4f..., userDataDir: C:\Users\goura\AppData\Loca...}, goog:chromeOptions: {debuggerAddress: localhost:51446}, javascriptEnabled: true, networkConnectionEnabled: false, pageLoadStrategy: normal, platform: WINDOWS, platformName: WINDOWS, proxy: Proxy(), setWindowRect: true, strictFileInteractability: false, timeouts: {implicit: 0, pageLoad: 300000, script: 30000}, unhandledPromptBehavior: dismiss and notify, webauthn:extension:credBlob: true, webauthn:extension:largeBlob: true, webauthn:extension:minPinLength: true, webauthn:extension:prf: true, webauthn:virtualAuthenticators: true}
Session ID: 8089a4f73aeb2adf974d5d68de0034f6
*** Element info: {Using=link text, value=Orders}]]>
            </message>
            <full-stacktrace>
              <![CDATA[org.openqa.selenium.NoSuchElementException: no such element: Unable to locate element: {"method":"link text","selector":"Orders"}
  (Session info: chrome=114.0.5735.199)
For documentation on this error, please visit: https://www.seleniumhq.org/exceptions/no_such_element.html
Build info: version: '3.141.59', revision: 'e82be7d358', time: '2018-11-14T08:17:03'
System info: host: 'DASG16', ip: '10.0.0.39', os.name: 'Windows 11', os.arch: 'amd64', os.version: '10.0', java.version: '11.0.18'
Driver info: org.openqa.selenium.chrome.ChromeDriver
Capabilities {acceptInsecureCerts: false, browserName: chrome, browserVersion: 114.0.5735.199, chrome: {chromedriverVersion: 114.0.5735.90 (386bc09e8f4f..., userDataDir: C:\Users\goura\AppData\Loca...}, goog:chromeOptions: {debuggerAddress: localhost:51446}, javascriptEnabled: true, networkConnectionEnabled: false, pageLoadStrategy: normal, platform: WINDOWS, platformName: WINDOWS, proxy: Proxy(), setWindowRect: true, strictFileInteractability: false, timeouts: {implicit: 0, pageLoad: 300000, script: 30000}, unhandledPromptBehavior: dismiss and notify, webauthn:extension:credBlob: true, webauthn:extension:largeBlob: true, webauthn:extension:minPinLength: true, webauthn:extension:prf: true, webauthn:virtualAuthenticators: true}
Session ID: 8089a4f73aeb2adf974d5d68de0034f6
*** Element info: {Using=link text, value=Orders}
at java.base/jdk.internal.reflect.NativeConstructorAccessorImpl.newInstance0(Native Method)
at java.base/jdk.internal.reflect.NativeConstructorAccessorImpl.newInstance(NativeConstructorAccessorImpl.java:62)
at java.base/jdk.internal.reflect.DelegatingConstructorAccessorImpl.newInstance(DelegatingConstructorAccessorImpl.java:45)
at java.base/java.lang.reflect.Constructor.newInstance(Constructor.java:490)
at org.openqa.selenium.remote.http.W3CHttpResponseCodec.createException(W3CHttpResponseCodec.java:187)
at org.openqa.selenium.remote.http.W3CHttpResponseCodec.decode(W3CHttpResponseCodec.java:122)
at org.openqa.selenium.remote.http.W3CHttpResponseCodec.decode(W3CHttpResponseCodec.java:49)
at org.openqa.selenium.remote.HttpCommandExecutor.execute(HttpCommandExecutor.java:158)
at org.openqa.selenium.remote.service.DriverCommandExecutor.execute(DriverCommandExecutor.java:83)
at org.openqa.selenium.remote.RemoteWebDriver.execute(RemoteWebDriver.java:552)
at org.openqa.selenium.remote.RemoteWebDriver.findElement(RemoteWebDriver.java:323)
at org.openqa.selenium.remote.RemoteWebDriver.findElementByLinkText(RemoteWebDriver.java:380)
at org.openqa.selenium.By$ByLinkText.findElement(By.java:220)
at org.openqa.selenium.remote.RemoteWebDriver.findElement(RemoteWebDriver.java:315)
at com.das.pom.AccountPage.getOrderLink(AccountPage.java:36)
at com.das.validation.LoginTest.validateCartpage(LoginTest.java:22)
at java.base/jdk.internal.reflect.NativeMethodAccessorImpl.invoke0(Native Method)
at java.base/jdk.internal.reflect.NativeMethodAccessorImpl.invoke(NativeMethodAccessorImpl.java:62)
at java.base/jdk.internal.reflect.DelegatingMethodAccessorImpl.invoke(DelegatingMethodAccessorImpl.java:43)
at java.base/java.lang.reflect.Method.invoke(Method.java:566)
at org.testng.internal.MethodInvocationHelper.invokeMethod(MethodInvocationHelper.java:133)
at org.testng.internal.TestInvoker.invokeMethod(TestInvoker.java:598)
at org.testng.internal.TestInvoker.invokeTestMethod(TestInvoker.java:173)
at org.testng.internal.TestMethodWithDataProviderMethodWorker.call(TestMethodWithDataProviderMethodWorker.java:77)
at org.testng.internal.TestMethodWithDataProviderMethodWorker.call(TestMethodWithDataProviderMethodWorker.java:15)
at java.base/java.util.concurrent.FutureTask.run(FutureTask.java:264)
at java.base/java.util.concurrent.Executors$RunnableAdapter.call(Executors.java:515)
at java.base/java.util.concurrent.FutureTask.run(FutureTask.java:264)
at java.base/java.util.concurrent.ThreadPoolExecutor.runWorker(ThreadPoolExecutor.java:1128)
at java.base/java.util.concurrent.ThreadPoolExecutor$Worker.run(ThreadPoolExecutor.java:628)
at java.base/java.lang.Thread.run(Thread.java:834)
]]>
            </full-stacktrace>
          </exception> <!-- org.openqa.selenium.NoSuchElementException -->
          <reporter-output>
            <line>
              <![CDATA[<a href='C:\Users\goura\eclipse-workspace\DesktopFramework\Screenshots\19\LoginTest\validateCartpage.png'> <img src='C:\Users\goura\eclipse-workspace\DesktopFramework\Screenshots\19\LoginTest\validateCartpage.png' height='400' width='400'/> </a>]]>
            </line>
          </reporter-output>
        </test-method> <!-- validateCartpage -->
        <test-method is-config="true" signature="tearDownDriver()[pri:0, instance:com.das.validation.LoginTest@298a5e20]" started-at="2023-07-22T15:23:14 EDT" name="tearDownDriver" finished-at="2023-07-22T15:23:14 EDT" duration-ms="240" status="PASS">
          <reporter-output>
          </reporter-output>
        </test-method> <!-- tearDownDriver -->
        <test-method is-config="true" signature="tearDownDriver()[pri:0, instance:com.das.validation.LoginTest@298a5e20]" started-at="2023-07-22T15:23:14 EDT" name="tearDownDriver" finished-at="2023-07-22T15:23:14 EDT" duration-ms="134" status="PASS">
          <reporter-output>
          </reporter-output>
        </test-method> <!-- tearDownDriver -->
        <test-method is-config="true" signature="tearDownDriver()[pri:0, instance:com.das.validation.LoginTest@298a5e20]" started-at="2023-07-22T15:23:14 EDT" name="tearDownDriver" finished-at="2023-07-22T15:23:14 EDT" duration-ms="125" status="PASS">
          <reporter-output>
          </reporter-output>
        </test-method> <!-- tearDownDriver -->
        <test-method is-config="true" signature="tearDownDriver()[pri:0, instance:com.das.validation.LoginTest@298a5e20]" started-at="2023-07-22T15:23:15 EDT" name="tearDownDriver" finished-at="2023-07-22T15:23:15 EDT" duration-ms="168" status="PASS">
          <reporter-output>
          </reporter-output>
        </test-method> <!-- tearDownDriver -->
        <test-method is-config="true" signature="tearDownDriver()[pri:0, instance:com.das.validation.LoginTest@298a5e20]" started-at="2023-07-22T15:23:15 EDT" name="tearDownDriver" finished-at="2023-07-22T15:23:16 EDT" duration-ms="181" status="PASS">
          <reporter-output>
          </reporter-output>
        </test-method> <!-- tearDownDriver -->
        <test-method is-config="true" signature="tearDownDriver()[pri:0, instance:com.das.validation.LoginTest@298a5e20]" started-at="2023-07-22T15:23:43 EDT" name="tearDownDriver" finished-at="2023-07-22T15:23:43 EDT" duration-ms="183" status="PASS">
          <reporter-output>
          </reporter-output>
        </test-method> <!-- tearDownDriver -->
        <test-method is-config="true" signature="tearDownDriver()[pri:0, instance:com.das.validation.LoginTest@298a5e20]" started-at="2023-07-22T15:23:43 EDT" name="tearDownDriver" finished-at="2023-07-22T15:23:43 EDT" duration-ms="127" status="PASS">
          <reporter-output>
          </reporter-output>
        </test-method> <!-- tearDownDriver -->
        <test-method is-config="true" signature="tearDownDriver()[pri:0, instance:com.das.validation.LoginTest@298a5e20]" started-at="2023-07-22T15:23:43 EDT" name="tearDownDriver" finished-at="2023-07-22T15:23:43 EDT" duration-ms="151" status="PASS">
          <reporter-output>
          </reporter-output>
        </test-method> <!-- tearDownDriver -->
        <test-method is-config="true" signature="tearDownDriver()[pri:0, instance:com.das.validation.LoginTest@298a5e20]" started-at="2023-07-22T15:23:43 EDT" name="tearDownDriver" finished-at="2023-07-22T15:23:43 EDT" duration-ms="105" status="PASS">
          <reporter-output>
          </reporter-output>
        </test-method> <!-- tearDownDriver -->
        <test-method is-config="true" signature="tearDownDriver()[pri:0, instance:com.das.validation.LoginTest@298a5e20]" started-at="2023-07-22T15:23:44 EDT" name="tearDownDriver" finished-at="2023-07-22T15:23:44 EDT" duration-ms="135" status="PASS">
          <reporter-output>
          </reporter-output>
        </test-method> <!-- tearDownDriver -->
        <test-method is-config="true" signature="removeDriver()[pri:0, instance:com.das.validation.LoginTest@298a5e20]" started-at="2023-07-22T15:23:44 EDT" name="removeDriver" finished-at="2023-07-22T15:23:44 EDT" duration-ms="0" status="PASS">
          <reporter-output>
          </reporter-output>
        </test-method> <!-- removeDriver -->
      </class> <!-- com.das.validation.LoginTest -->
    </test> <!-- Default test -->
  </suite> <!-- Default suite -->
</testng-results>
