<?xml version="1.0" encoding="UTF-8"?>
<!-- Generated by org.testng.reporters.JUnitXMLReporter -->
<testsuite ignored="0" hostname="dasg16" failures="0" tests="4" name="Default test" time="55.738" errors="0" timestamp="2023-07-19T23:31:21 EDT">
  <testcase classname="com.das.validation.ECommerceValidationExcell" name="FillForm" time="14.995"/>
  <testcase classname="com.das.validation.ECommerceValidationExcell" name="FillForm" time="18.946"/>
  <testcase classname="com.das.validation.ECommerceValidationExcell" name="FillForm" time="14.0"/>
  <testcase classname="com.das.validation.ECommerceValidationExcell" name="FillForm" time="16.898"/>
</testsuite> <!-- Default test -->
