<?xml version="1.0" encoding="UTF-8"?>
<testng-results ignored="0" total="4" passed="4" failed="0" skipped="0">
  <reporter-output>
  </reporter-output>
  <suite started-at="2023-07-29T11:01:42 EDT" name="Default suite" finished-at="2023-07-29T11:03:49 EDT" duration-ms="126407">
    <groups>
    </groups>
    <test started-at="2023-07-29T11:01:42 EDT" name="Default test" finished-at="2023-07-29T11:03:49 EDT" duration-ms="126407">
      <class name="com.das.validation.ECommerceValidationExcell">
        <test-method is-config="true" signature="startAndroidDevices()[pri:0, instance:com.das.validation.ECommerceValidationExcell@4a003cbe]" started-at="2023-07-29T11:01:42 EDT" name="startAndroidDevices" finished-at="2023-07-29T11:01:42 EDT" duration-ms="137" status="PASS">
          <reporter-output>
          </reporter-output>
        </test-method> <!-- startAndroidDevices -->
        <test-method is-config="true" signature="startServer()[pri:0, instance:com.das.validation.ECommerceValidationExcell@4a003cbe]" started-at="2023-07-29T11:01:42 EDT" name="startServer" finished-at="2023-07-29T11:01:55 EDT" duration-ms="12792" status="PASS">
          <reporter-output>
          </reporter-output>
        </test-method> <!-- startServer -->
        <test-method is-config="true" signature="startDriver(org.testng.ITestContext)[pri:0, instance:com.das.validation.ECommerceValidationExcell@4a003cbe]" started-at="2023-07-29T11:01:56 EDT" name="startDriver" finished-at="2023-07-29T11:02:44 EDT" duration-ms="48366" status="PASS">
          <params>
            <param index="0">
              <value>
                <![CDATA[org.testng.TestRunner@45792847]]>
              </value>
            </param>
          </params>
          <reporter-output>
          </reporter-output>
        </test-method> <!-- startDriver -->
        <test-method is-config="true" signature="startDriver(org.testng.ITestContext)[pri:0, instance:com.das.validation.ECommerceValidationExcell@4a003cbe]" started-at="2023-07-29T11:01:56 EDT" name="startDriver" finished-at="2023-07-29T11:02:07 EDT" duration-ms="11184" status="PASS">
          <params>
            <param index="0">
              <value>
                <![CDATA[org.testng.TestRunner@45792847]]>
              </value>
            </param>
          </params>
          <reporter-output>
          </reporter-output>
        </test-method> <!-- startDriver -->
        <test-method is-config="true" signature="startDriver(org.testng.ITestContext)[pri:0, instance:com.das.validation.ECommerceValidationExcell@4a003cbe]" started-at="2023-07-29T11:01:56 EDT" name="startDriver" finished-at="2023-07-29T11:02:55 EDT" duration-ms="59322" status="PASS">
          <params>
            <param index="0">
              <value>
                <![CDATA[org.testng.TestRunner@45792847]]>
              </value>
            </param>
          </params>
          <reporter-output>
          </reporter-output>
        </test-method> <!-- startDriver -->
        <test-method is-config="true" signature="startDriver(org.testng.ITestContext)[pri:0, instance:com.das.validation.ECommerceValidationExcell@4a003cbe]" started-at="2023-07-29T11:01:56 EDT" name="startDriver" finished-at="2023-07-29T11:02:34 EDT" duration-ms="37714" status="PASS">
          <params>
            <param index="0">
              <value>
                <![CDATA[org.testng.TestRunner@45792847]]>
              </value>
            </param>
          </params>
          <reporter-output>
          </reporter-output>
        </test-method> <!-- startDriver -->
        <test-method signature="FillForm(com.das.pojo.CustomerInfo,com.das.pojo.CustomerInfo)[pri:0, instance:com.das.validation.ECommerceValidationExcell@4a003cbe]" started-at="2023-07-29T11:02:07 EDT" name="FillForm" data-provider="getData" finished-at="2023-07-29T11:02:27 EDT" duration-ms="19848" status="PASS">
          <params>
            <param index="0">
              <value>
                <![CDATA[com.das.pojo.CustomerInfo@25eaa8c3]]>
              </value>
            </param>
            <param index="1">
              <value>
                <![CDATA[com.das.pojo.CustomerInfo@3ca87dc4]]>
              </value>
            </param>
          </params>
          <reporter-output>
          </reporter-output>
        </test-method> <!-- FillForm -->
        <test-method is-config="true" signature="tearDownDriver()[pri:0, instance:com.das.validation.ECommerceValidationExcell@4a003cbe]" started-at="2023-07-29T11:02:27 EDT" name="tearDownDriver" finished-at="2023-07-29T11:02:28 EDT" duration-ms="505" status="PASS">
          <reporter-output>
          </reporter-output>
        </test-method> <!-- tearDownDriver -->
        <test-method signature="FillForm(com.das.pojo.CustomerInfo,com.das.pojo.CustomerInfo)[pri:0, instance:com.das.validation.ECommerceValidationExcell@4a003cbe]" started-at="2023-07-29T11:02:34 EDT" name="FillForm" data-provider="getData" finished-at="2023-07-29T11:02:49 EDT" duration-ms="15444" status="PASS">
          <params>
            <param index="0">
              <value>
                <![CDATA[com.das.pojo.CustomerInfo@3711219a]]>
              </value>
            </param>
            <param index="1">
              <value>
                <![CDATA[com.das.pojo.CustomerInfo@7807cd06]]>
              </value>
            </param>
          </params>
          <reporter-output>
          </reporter-output>
        </test-method> <!-- FillForm -->
        <test-method signature="FillForm(com.das.pojo.CustomerInfo,com.das.pojo.CustomerInfo)[pri:0, instance:com.das.validation.ECommerceValidationExcell@4a003cbe]" started-at="2023-07-29T11:02:44 EDT" name="FillForm" data-provider="getData" finished-at="2023-07-29T11:03:46 EDT" duration-ms="62116" status="PASS">
          <params>
            <param index="0">
              <value>
                <![CDATA[com.das.pojo.CustomerInfo@2883f16b]]>
              </value>
            </param>
            <param index="1">
              <value>
                <![CDATA[com.das.pojo.CustomerInfo@4cf4814c]]>
              </value>
            </param>
          </params>
          <reporter-output>
          </reporter-output>
        </test-method> <!-- FillForm -->
        <test-method is-config="true" signature="tearDownDriver()[pri:0, instance:com.das.validation.ECommerceValidationExcell@4a003cbe]" started-at="2023-07-29T11:02:49 EDT" name="tearDownDriver" finished-at="2023-07-29T11:02:50 EDT" duration-ms="489" status="PASS">
          <reporter-output>
          </reporter-output>
        </test-method> <!-- tearDownDriver -->
        <test-method signature="FillForm(com.das.pojo.CustomerInfo,com.das.pojo.CustomerInfo)[pri:0, instance:com.das.validation.ECommerceValidationExcell@4a003cbe]" started-at="2023-07-29T11:02:55 EDT" name="FillForm" data-provider="getData" finished-at="2023-07-29T11:03:11 EDT" duration-ms="15236" status="PASS">
          <params>
            <param index="0">
              <value>
                <![CDATA[com.das.pojo.CustomerInfo@744db67d]]>
              </value>
            </param>
            <param index="1">
              <value>
                <![CDATA[com.das.pojo.CustomerInfo@a5b926e]]>
              </value>
            </param>
          </params>
          <reporter-output>
          </reporter-output>
        </test-method> <!-- FillForm -->
        <test-method is-config="true" signature="tearDownDriver()[pri:0, instance:com.das.validation.ECommerceValidationExcell@4a003cbe]" started-at="2023-07-29T11:03:11 EDT" name="tearDownDriver" finished-at="2023-07-29T11:03:11 EDT" duration-ms="509" status="PASS">
          <reporter-output>
          </reporter-output>
        </test-method> <!-- tearDownDriver -->
        <test-method is-config="true" signature="tearDownDriver()[pri:0, instance:com.das.validation.ECommerceValidationExcell@4a003cbe]" started-at="2023-07-29T11:03:46 EDT" name="tearDownDriver" finished-at="2023-07-29T11:03:49 EDT" duration-ms="2055" status="PASS">
          <reporter-output>
          </reporter-output>
        </test-method> <!-- tearDownDriver -->
        <test-method is-config="true" signature="stopDeviceAndServer()[pri:0, instance:com.das.validation.ECommerceValidationExcell@4a003cbe]" started-at="2023-07-29T11:03:49 EDT" name="stopDeviceAndServer" finished-at="2023-07-29T11:03:49 EDT" duration-ms="2" status="PASS">
          <reporter-output>
          </reporter-output>
        </test-method> <!-- stopDeviceAndServer -->
      </class> <!-- com.das.validation.ECommerceValidationExcell -->
    </test> <!-- Default test -->
  </suite> <!-- Default suite -->
</testng-results>
